This file contains any messages produced by compilers while
running configure, to aid debugging if configure makes a mistake.

It was created by 2048 AI configure 1.0, which was
generated by GNU Autoconf 2.69.  Invocation command line was

  $ configure 

## --------- ##
## Platform. ##
## --------- ##

hostname = DESKTOP-GLIG1D9
uname -m = x86_64
uname -r = 3.0.7-338.x86_64
uname -s = MINGW64_NT-10.0-18362
uname -v = 2019-11-21 23:07 UTC

/usr/bin/uname -p = unknown
/bin/uname -X     = unknown

/bin/arch              = x86_64
/usr/bin/arch -k       = unknown
/usr/convex/getsysinfo = unknown
/usr/bin/hostinfo      = unknown
/bin/machine           = unknown
/usr/bin/oslevel       = unknown
/bin/universe          = unknown

PATH: /c/Users/ASUS/bin
PATH: /mingw64/bin
PATH: /usr/local/bin
PATH: /usr/bin
PATH: /bin
PATH: /mingw64/bin
PATH: /usr/bin
PATH: /c/Users/ASUS/bin
PATH: /c/Windows
PATH: /c/Windows/system32
PATH: /c/Windows/System32/Wbem
PATH: /c/Windows/System32/WindowsPowerShell/v1.0
PATH: /c/ProgramData/Oracle/Java/javapath
PATH: /c/Program Files (x86)/Common Files/Intel/Shared Libraries/redist/intel64/compiler
PATH: /e/Gurobi/win64/bin
PATH: /c/Program Files (x86)/NVIDIA Corporation/PhysX/Common
PATH: /c/Program Files (x86)/Intel/iCLS Client
PATH: /c/Program Files/Intel/iCLS Client
PATH: /c/Program Files (x86)/Intel/Intel(R) Management Engine Components/DAL
PATH: /c/Program Files/Intel/Intel(R) Management Engine Components/DAL
PATH: /c/Program Files (x86)/Intel/Intel(R) Management Engine Components/IPT
PATH: /c/Program Files/Intel/Intel(R) Management Engine Components/IPT
PATH: /c/WINDOWS/system32
PATH: /c/WINDOWS
PATH: /c/WINDOWS/System32/Wbem
PATH: /c/WINDOWS/System32/WindowsPowerShell/v1.0
PATH: /c/WINDOWS/System32/OpenSSH
PATH: /c/Program Files/Microsoft SQL Server/Client SDK/ODBC/110/Tools/Binn
PATH: /c/Program Files (x86)/Microsoft SQL Server/120/Tools/Binn
PATH: /c/Program Files/Microsoft SQL Server/120/Tools/Binn
PATH: /c/Program Files/Microsoft SQL Server/120/DTS/Binn
PATH: /c/Program Files (x86)/Windows Kits/8.1/Windows Performance Toolkit
PATH: /c/Program Files/Microsoft SQL Server/130/Tools/Binn
PATH: /e/Matlab2018A/runtime/win64
PATH: /e/Matlab2018A/bin
PATH: /c/Program Files/dotnet
PATH: /e/PUTTY
PATH: .
PATH: /c/WINDOWS/system32
PATH: /c/WINDOWS
PATH: /c/WINDOWS/System32/Wbem
PATH: /c/Windows/SysWOW64"
PATH: /c/texlive/2019/bin/win32
PATH: /e/LaTex/texlive/2019/bin/win32
PATH: /e/GCC/bin
PATH: /e/wkHTMLtoPDF/bin
PATH: /c/Users/ASUS/Anaconda3/Scripts
PATH: /c/ffmpeg/bin
PATH: /c/WINDOWS/system32
PATH: /c/Program Files/MySQL/MySQL Shell 8.0/bin
PATH: /c/Users/ASUS/AppData/Local/Microsoft/WindowsApps
PATH: /c/Users/ASUS/AppData/Local/GitHubDesktop/bin
PATH: /e/VS_Code/Microsoft VS Code/bin
PATH: /c/Users/ASUS/AppData/Local/Pandoc
PATH: /usr/bin/vendor_perl
PATH: /usr/bin/core_perl


## ----------- ##
## Core tests. ##
## ----------- ##

configure:2297: checking for g++
configure:2313: found /e/GCC/bin/g++
configure:2324: result: g++
configure:2351: checking for C++ compiler version
configure:2360: g++ --version >&5
g++.exe (tdm64-1) 9.2.0
Copyright (C) 2019 Free Software Foundation, Inc.
This is free software; see the source for copying conditions.  There is NO
warranty; not even for MERCHANTABILITY or FITNESS FOR A PARTICULAR PURPOSE.

configure:2371: $? = 0
configure:2360: g++ -v >&5
Using built-in specs.
COLLECT_GCC=E:\GCC\bin\g++.exe
COLLECT_LTO_WRAPPER=E:/GCC/bin/../libexec/gcc/x86_64-w64-mingw32/9.2.0/lto-wrapper.exe
Target: x86_64-w64-mingw32
Configured with: ../../../src/gcc-git-9.2.0/configure --build=x86_64-w64-mingw32 --enable-targets=all --enable-languages=ada,c,c++,fortran,lto,objc,obj-c++ --enable-libgomp --enable-lto --enable-graphite --enable-cxx-flags=-DWINPTHREAD_STATIC --disable-build-with-cxx --disable-build-poststage1-with-cxx --enable-libstdcxx-debug --enable-threads=posix --enable-version-specific-runtime-libs --enable-fully-dynamic-string --enable-libstdcxx-threads --enable-libstdcxx-time --with-gnu-ld --disable-werror --disable-nls --disable-win32-registry --enable-large-address-aware --disable-rpath --disable-symvers --prefix=/mingw64tdm --with-local-prefix=/mingw64tdm --with-pkgversion=tdm64-1 --with-bugurl=http://tdm-gcc.tdragon.net/bugs
Thread model: posix
gcc version 9.2.0 (tdm64-1) 
configure:2371: $? = 0
configure:2360: g++ -V >&5
g++.exe: error: unrecognized command line option '-V'
g++.exe: fatal error: no input files
compilation terminated.
configure:2371: $? = 1
configure:2360: g++ -qversion >&5
g++.exe: error: unrecognized command line option '-qversion'; did you mean '--version'?
g++.exe: fatal error: no input files
compilation terminated.
configure:2371: $? = 1
configure:2391: checking whether the C++ compiler works
configure:2413: g++    conftest.cpp  >&5
configure:2417: $? = 0
configure:2465: result: yes
configure:2468: checking for C++ compiler default output file name
configure:2470: result: a.exe
configure:2476: checking for suffix of executables
configure:2483: g++ -o conftest.exe    conftest.cpp  >&5
configure:2487: $? = 0
configure:2509: result: .exe
configure:2531: checking whether we are cross compiling
configure:2539: g++ -o conftest.exe    conftest.cpp  >&5
configure:2543: $? = 0
configure:2550: ./conftest.exe
configure:2554: $? = 0
configure:2569: result: no
configure:2574: checking for suffix of object files
configure:2596: g++ -c   conftest.cpp >&5
configure:2600: $? = 0
configure:2621: result: o
configure:2625: checking whether we are using the GNU C++ compiler
configure:2644: g++ -c   conftest.cpp >&5
configure:2644: $? = 0
configure:2653: result: yes
configure:2662: checking whether g++ accepts -g
configure:2682: g++ -c -g  conftest.cpp >&5
configure:2682: $? = 0
configure:2723: result: yes
configure:2754: checking whether g++ supports C++11 features by default
configure:2788: g++ -c -g -O2  conftest.cpp >&5
configure:2788: $? = 0
configure:2795: result: yes
configure:3055: checking for C++ compiler version
configure:3064: g++ --version >&5
g++.exe (tdm64-1) 9.2.0
Copyright (C) 2019 Free Software Foundation, Inc.
This is free software; see the source for copying conditions.  There is NO
warranty; not even for MERCHANTABILITY or FITNESS FOR A PARTICULAR PURPOSE.

configure:3075: $? = 0
configure:3064: g++ -v >&5
Using built-in specs.
COLLECT_GCC=E:\GCC\bin\g++.exe
COLLECT_LTO_WRAPPER=E:/GCC/bin/../libexec/gcc/x86_64-w64-mingw32/9.2.0/lto-wrapper.exe
Target: x86_64-w64-mingw32
Configured with: ../../../src/gcc-git-9.2.0/configure --build=x86_64-w64-mingw32 --enable-targets=all --enable-languages=ada,c,c++,fortran,lto,objc,obj-c++ --enable-libgomp --enable-lto --enable-graphite --enable-cxx-flags=-DWINPTHREAD_STATIC --disable-build-with-cxx --disable-build-poststage1-with-cxx --enable-libstdcxx-debug --enable-threads=posix --enable-version-specific-runtime-libs --enable-fully-dynamic-string --enable-libstdcxx-threads --enable-libstdcxx-time --with-gnu-ld --disable-werror --disable-nls --disable-win32-registry --enable-large-address-aware --disable-rpath --disable-symvers --prefix=/mingw64tdm --with-local-prefix=/mingw64tdm --with-pkgversion=tdm64-1 --with-bugurl=http://tdm-gcc.tdragon.net/bugs
Thread model: posix
gcc version 9.2.0 (tdm64-1) 
configure:3075: $? = 0
configure:3064: g++ -V >&5
g++.exe: error: unrecognized command line option '-V'
g++.exe: fatal error: no input files
compilation terminated.
configure:3075: $? = 1
configure:3064: g++ -qversion >&5
g++.exe: error: unrecognized command line option '-qversion'; did you mean '--version'?
g++.exe: fatal error: no input files
compilation terminated.
configure:3075: $? = 1
configure:3079: checking whether we are using the GNU C++ compiler
configure:3107: result: yes
configure:3116: checking whether g++ accepts -g
configure:3177: result: yes
configure:3248: checking for gcc
configure:3264: found /e/GCC/bin/gcc
configure:3275: result: gcc
configure:3504: checking for C compiler version
configure:3513: gcc --version >&5
gcc.exe (tdm64-1) 9.2.0
Copyright (C) 2019 Free Software Foundation, Inc.
This is free software; see the source for copying conditions.  There is NO
warranty; not even for MERCHANTABILITY or FITNESS FOR A PARTICULAR PURPOSE.

configure:3524: $? = 0
configure:3513: gcc -v >&5
Using built-in specs.
COLLECT_GCC=E:\GCC\bin\gcc.exe
COLLECT_LTO_WRAPPER=E:/GCC/bin/../libexec/gcc/x86_64-w64-mingw32/9.2.0/lto-wrapper.exe
Target: x86_64-w64-mingw32
Configured with: ../../../src/gcc-git-9.2.0/configure --build=x86_64-w64-mingw32 --enable-targets=all --enable-languages=ada,c,c++,fortran,lto,objc,obj-c++ --enable-libgomp --enable-lto --enable-graphite --enable-cxx-flags=-DWINPTHREAD_STATIC --disable-build-with-cxx --disable-build-poststage1-with-cxx --enable-libstdcxx-debug --enable-threads=posix --enable-version-specific-runtime-libs --enable-fully-dynamic-string --enable-libstdcxx-threads --enable-libstdcxx-time --with-gnu-ld --disable-werror --disable-nls --disable-win32-registry --enable-large-address-aware --disable-rpath --disable-symvers --prefix=/mingw64tdm --with-local-prefix=/mingw64tdm --with-pkgversion=tdm64-1 --with-bugurl=http://tdm-gcc.tdragon.net/bugs
Thread model: posix
gcc version 9.2.0 (tdm64-1) 
configure:3524: $? = 0
configure:3513: gcc -V >&5
gcc.exe: error: unrecognized command line option '-V'
gcc.exe: fatal error: no input files
compilation terminated.
configure:3524: $? = 1
configure:3513: gcc -qversion >&5
gcc.exe: error: unrecognized command line option '-qversion'; did you mean '--version'?
gcc.exe: fatal error: no input files
compilation terminated.
configure:3524: $? = 1
configure:3528: checking whether we are using the GNU C compiler
configure:3547: gcc -c   conftest.c >&5
configure:3547: $? = 0
configure:3556: result: yes
configure:3565: checking whether gcc accepts -g
configure:3585: gcc -c -g  conftest.c >&5
configure:3585: $? = 0
configure:3626: result: yes
configure:3643: checking for gcc option to accept ISO C89
configure:3706: gcc  -c -g -O2  conftest.c >&5
configure:3706: $? = 0
configure:3719: result: none needed
configure:3744: checking how to run the C preprocessor
configure:3775: gcc -E  conftest.c
configure:3775: $? = 0
configure:3789: gcc -E  conftest.c
conftest.c:10:10: fatal error: ac_nonexistent.h: No such file or directory
   10 | #include <ac_nonexistent.h>
      |          ^~~~~~~~~~~~~~~~~~
compilation terminated.
configure:3789: $? = 1
configure: failed program was:
| /* confdefs.h */
| #define PACKAGE_NAME "2048 AI"
| #define PACKAGE_TARNAME "2048-ai"
| #define PACKAGE_VERSION "1.0"
| #define PACKAGE_STRING "2048 AI 1.0"
| #define PACKAGE_BUGREPORT "https://github.com/nneonneo/2048-ai/issues"
| #define PACKAGE_URL "https://github.com/nneonneo/2048-ai"
| #define HAVE_CXX11 1
| /* end confdefs.h.  */
| #include <ac_nonexistent.h>
configure:3814: result: gcc -E
configure:3834: gcc -E  conftest.c
configure:3834: $? = 0
configure:3848: gcc -E  conftest.c
conftest.c:10:10: fatal error: ac_nonexistent.h: No such file or directory
   10 | #include <ac_nonexistent.h>
      |          ^~~~~~~~~~~~~~~~~~
compilation terminated.
configure:3848: $? = 1
configure: failed program was:
| /* confdefs.h */
| #define PACKAGE_NAME "2048 AI"
| #define PACKAGE_TARNAME "2048-ai"
| #define PACKAGE_VERSION "1.0"
| #define PACKAGE_STRING "2048 AI 1.0"
| #define PACKAGE_BUGREPORT "https://github.com/nneonneo/2048-ai/issues"
| #define PACKAGE_URL "https://github.com/nneonneo/2048-ai"
| #define HAVE_CXX11 1
| /* end confdefs.h.  */
| #include <ac_nonexistent.h>
configure:3924: checking for gcc
configure:3951: result: gcc
configure:4180: checking for C compiler version
configure:4189: gcc --version >&5
gcc.exe (tdm64-1) 9.2.0
Copyright (C) 2019 Free Software Foundation, Inc.
This is free software; see the source for copying conditions.  There is NO
warranty; not even for MERCHANTABILITY or FITNESS FOR A PARTICULAR PURPOSE.

configure:4200: $? = 0
configure:4189: gcc -v >&5
Using built-in specs.
COLLECT_GCC=E:\GCC\bin\gcc.exe
COLLECT_LTO_WRAPPER=E:/GCC/bin/../libexec/gcc/x86_64-w64-mingw32/9.2.0/lto-wrapper.exe
Target: x86_64-w64-mingw32
Configured with: ../../../src/gcc-git-9.2.0/configure --build=x86_64-w64-mingw32 --enable-targets=all --enable-languages=ada,c,c++,fortran,lto,objc,obj-c++ --enable-libgomp --enable-lto --enable-graphite --enable-cxx-flags=-DWINPTHREAD_STATIC --disable-build-with-cxx --disable-build-poststage1-with-cxx --enable-libstdcxx-debug --enable-threads=posix --enable-version-specific-runtime-libs --enable-fully-dynamic-string --enable-libstdcxx-threads --enable-libstdcxx-time --with-gnu-ld --disable-werror --disable-nls --disable-win32-registry --enable-large-address-aware --disable-rpath --disable-symvers --prefix=/mingw64tdm --with-local-prefix=/mingw64tdm --with-pkgversion=tdm64-1 --with-bugurl=http://tdm-gcc.tdragon.net/bugs
Thread model: posix
gcc version 9.2.0 (tdm64-1) 
configure:4200: $? = 0
configure:4189: gcc -V >&5
gcc.exe: error: unrecognized command line option '-V'
gcc.exe: fatal error: no input files
compilation terminated.
configure:4200: $? = 1
configure:4189: gcc -qversion >&5
gcc.exe: error: unrecognized command line option '-qversion'; did you mean '--version'?
gcc.exe: fatal error: no input files
compilation terminated.
configure:4200: $? = 1
configure:4204: checking whether we are using the GNU C compiler
configure:4232: result: yes
configure:4241: checking whether gcc accepts -g
configure:4302: result: yes
configure:4319: checking for gcc option to accept ISO C89
configure:4395: result: none needed
configure:4444: checking for a thread-safe mkdir -p
configure:4483: result: /usr/bin/mkdir -p
configure:4493: checking how to run the C++ preprocessor
configure:4520: g++ -E  conftest.cpp
configure:4520: $? = 0
configure:4534: g++ -E  conftest.cpp
conftest.cpp:10:10: fatal error: ac_nonexistent.h: No such file or directory
   10 | #include <ac_nonexistent.h>
      |          ^~~~~~~~~~~~~~~~~~
compilation terminated.
configure:4534: $? = 1
configure: failed program was:
| /* confdefs.h */
| #define PACKAGE_NAME "2048 AI"
| #define PACKAGE_TARNAME "2048-ai"
| #define PACKAGE_VERSION "1.0"
| #define PACKAGE_STRING "2048 AI 1.0"
| #define PACKAGE_BUGREPORT "https://github.com/nneonneo/2048-ai/issues"
| #define PACKAGE_URL "https://github.com/nneonneo/2048-ai"
| #define HAVE_CXX11 1
| /* end confdefs.h.  */
| #include <ac_nonexistent.h>
configure:4559: result: g++ -E
configure:4579: g++ -E  conftest.cpp
configure:4579: $? = 0
configure:4593: g++ -E  conftest.cpp
conftest.cpp:10:10: fatal error: ac_nonexistent.h: No such file or directory
   10 | #include <ac_nonexistent.h>
      |          ^~~~~~~~~~~~~~~~~~
compilation terminated.
configure:4593: $? = 1
configure: failed program was:
| /* confdefs.h */
| #define PACKAGE_NAME "2048 AI"
| #define PACKAGE_TARNAME "2048-ai"
| #define PACKAGE_VERSION "1.0"
| #define PACKAGE_STRING "2048 AI 1.0"
| #define PACKAGE_BUGREPORT "https://github.com/nneonneo/2048-ai/issues"
| #define PACKAGE_URL "https://github.com/nneonneo/2048-ai"
| #define HAVE_CXX11 1
| /* end confdefs.h.  */
| #include <ac_nonexistent.h>
configure:4622: checking for grep that handles long lines and -e
configure:4680: result: /usr/bin/grep
configure:4685: checking for egrep
configure:4747: result: /usr/bin/grep -E
configure:4752: checking for ANSI C header files
configure:4772: g++ -c -g -O2  conftest.cpp >&5
configure:4772: $? = 0
configure:4845: g++ -o conftest.exe -g -O2   conftest.cpp  >&5
configure:4845: $? = 0
configure:4845: ./conftest.exe
configure:4845: $? = 0
configure:4856: result: yes
configure:4869: checking for sys/types.h
configure:4869: g++ -c -g -O2  conftest.cpp >&5
configure:4869: $? = 0
configure:4869: result: yes
configure:4869: checking for sys/stat.h
configure:4869: g++ -c -g -O2  conftest.cpp >&5
configure:4869: $? = 0
configure:4869: result: yes
configure:4869: checking for stdlib.h
configure:4869: g++ -c -g -O2  conftest.cpp >&5
configure:4869: $? = 0
configure:4869: result: yes
configure:4869: checking for string.h
configure:4869: g++ -c -g -O2  conftest.cpp >&5
configure:4869: $? = 0
configure:4869: result: yes
configure:4869: checking for memory.h
configure:4869: g++ -c -g -O2  conftest.cpp >&5
configure:4869: $? = 0
configure:4869: result: yes
configure:4869: checking for strings.h
configure:4869: g++ -c -g -O2  conftest.cpp >&5
configure:4869: $? = 0
configure:4869: result: yes
configure:4869: checking for inttypes.h
configure:4869: g++ -c -g -O2  conftest.cpp >&5
configure:4869: $? = 0
configure:4869: result: yes
configure:4869: checking for stdint.h
configure:4869: g++ -c -g -O2  conftest.cpp >&5
configure:4869: $? = 0
configure:4869: result: yes
configure:4869: checking for unistd.h
configure:4869: g++ -c -g -O2  conftest.cpp >&5
configure:4869: $? = 0
configure:4869: result: yes
configure:4884: checking fcntl.h usability
configure:4884: g++ -c -g -O2  conftest.cpp >&5
configure:4884: $? = 0
configure:4884: result: yes
configure:4884: checking fcntl.h presence
configure:4884: g++ -E  conftest.cpp
configure:4884: $? = 0
configure:4884: result: yes
configure:4884: checking for fcntl.h
configure:4884: result: yes
configure:4884: checking for stdint.h
configure:4884: result: yes
configure:4884: checking for stdlib.h
configure:4884: result: yes
configure:4884: checking for string.h
configure:4884: result: yes
configure:4884: checking sys/time.h usability
configure:4884: g++ -c -g -O2  conftest.cpp >&5
configure:4884: $? = 0
configure:4884: result: yes
configure:4884: checking sys/time.h presence
configure:4884: g++ -E  conftest.cpp
configure:4884: $? = 0
configure:4884: result: yes
configure:4884: checking for sys/time.h
configure:4884: result: yes
configure:4884: checking for unistd.h
configure:4884: result: yes
configure:4884: checking unordered_map usability
configure:4884: g++ -c -g -O2  conftest.cpp >&5
configure:4884: $? = 0
configure:4884: result: yes
configure:4884: checking unordered_map presence
configure:4884: g++ -E  conftest.cpp
configure:4884: $? = 0
configure:4884: result: yes
configure:4884: checking for unordered_map
configure:4884: result: yes
configure:4884: checking tr1/unordered_map usability
configure:4884: g++ -c -g -O2  conftest.cpp >&5
configure:4884: $? = 0
configure:4884: result: yes
configure:4884: checking tr1/unordered_map presence
configure:4884: g++ -E  conftest.cpp
configure:4884: $? = 0
configure:4884: result: yes
configure:4884: checking for tr1/unordered_map
configure:4884: result: yes
configure:4896: checking for inline
configure:4912: g++ -c -g -O2  conftest.cpp >&5
configure:4912: $? = 0
configure:4920: result: inline
configure:4938: checking for uint16_t
configure:4938: g++ -c -g -O2  conftest.cpp >&5
configure:4938: $? = 0
configure:4938: result: yes
configure:4950: checking for uint64_t
configure:4950: g++ -c -g -O2  conftest.cpp >&5
configure:4950: $? = 0
configure:4950: result: yes
configure:4969: checking for gettimeofday
configure:4969: g++ -o conftest.exe -g -O2   conftest.cpp  >&5
configure:4969: $? = 0
configure:4969: result: yes
configure:4969: checking for strchr
configure:4969: g++ -o conftest.exe -g -O2   conftest.cpp  >&5
conftest.cpp:52:6: warning: declaration of 'char strchr()' conflicts with built-in declaration 'char* strchr(const char*, int)' [-Wbuiltin-declaration-mismatch]
   52 | char strchr ();
      |      ^~~~~~
configure:4969: $? = 0
configure:4969: result: yes
configure:4969: checking for arc4random_uniform
configure:4969: g++ -o conftest.exe -g -O2   conftest.cpp  >&5
E:/GCC/bin/../lib/gcc/x86_64-w64-mingw32/9.2.0/../../../../x86_64-w64-mingw32/bin/ld.exe: C:\Users\ASUS\AppData\Local\Temp\cc8r011j.o: in function `main':
C:\Users\ASUS\Desktop\2048Project\2048-api-master\2048-api-master\game2048\expectimax/conftest.cpp:64: undefined reference to `arc4random_uniform'
collect2.exe: error: ld returned 1 exit status
configure:4969: $? = 1
configure: failed program was:
| /* confdefs.h */
| #define PACKAGE_NAME "2048 AI"
| #define PACKAGE_TARNAME "2048-ai"
| #define PACKAGE_VERSION "1.0"
| #define PACKAGE_STRING "2048 AI 1.0"
| #define PACKAGE_BUGREPORT "https://github.com/nneonneo/2048-ai/issues"
| #define PACKAGE_URL "https://github.com/nneonneo/2048-ai"
| #define HAVE_CXX11 1
| #define STDC_HEADERS 1
| #define HAVE_SYS_TYPES_H 1
| #define HAVE_SYS_STAT_H 1
| #define HAVE_STDLIB_H 1
| #define HAVE_STRING_H 1
| #define HAVE_MEMORY_H 1
| #define HAVE_STRINGS_H 1
| #define HAVE_INTTYPES_H 1
| #define HAVE_STDINT_H 1
| #define HAVE_UNISTD_H 1
| #define HAVE_FCNTL_H 1
| #define HAVE_STDINT_H 1
| #define HAVE_STDLIB_H 1
| #define HAVE_STRING_H 1
| #define HAVE_SYS_TIME_H 1
| #define HAVE_UNISTD_H 1
| #define HAVE_UNORDERED_MAP 1
| #define HAVE_TR1_UNORDERED_MAP 1
| #define HAVE_GETTIMEOFDAY 1
| #define HAVE_STRCHR 1
| /* end confdefs.h.  */
| /* Define arc4random_uniform to an innocuous variant, in case <limits.h> declares arc4random_uniform.
|    For example, HP-UX 11i <limits.h> declares gettimeofday.  */
| #define arc4random_uniform innocuous_arc4random_uniform
| 
| /* System header to define __stub macros and hopefully few prototypes,
|     which can conflict with char arc4random_uniform (); below.
|     Prefer <limits.h> to <assert.h> if __STDC__ is defined, since
|     <limits.h> exists even on freestanding compilers.  */
| 
| #ifdef __STDC__
| # include <limits.h>
| #else
| # include <assert.h>
| #endif
| 
| #undef arc4random_uniform
| 
| /* Override any GCC internal prototype to avoid an error.
|    Use char because int might match the return type of a GCC
|    builtin and then its argument prototype would still apply.  */
| #ifdef __cplusplus
| extern "C"
| #endif
| char arc4random_uniform ();
| /* The GNU C library defines this for functions which it implements
|     to always fail with ENOSYS.  Some functions are actually named
|     something starting with __ and the normal name is an alias.  */
| #if defined __stub_arc4random_uniform || defined __stub___arc4random_uniform
| choke me
| #endif
| 
| int
| main ()
| {
| return arc4random_uniform ();
|   ;
|   return 0;
| }
configure:4969: result: no
configure:4969: checking for drand48
configure:4969: g++ -o conftest.exe -g -O2   conftest.cpp  >&5
E:/GCC/bin/../lib/gcc/x86_64-w64-mingw32/9.2.0/../../../../x86_64-w64-mingw32/bin/ld.exe: C:\Users\ASUS\AppData\Local\Temp\ccsrz8bo.o: in function `main':
C:\Users\ASUS\Desktop\2048Project\2048-api-master\2048-api-master\game2048\expectimax/conftest.cpp:64: undefined reference to `drand48'
collect2.exe: error: ld returned 1 exit status
configure:4969: $? = 1
configure: failed program was:
| /* confdefs.h */
| #define PACKAGE_NAME "2048 AI"
| #define PACKAGE_TARNAME "2048-ai"
| #define PACKAGE_VERSION "1.0"
| #define PACKAGE_STRING "2048 AI 1.0"
| #define PACKAGE_BUGREPORT "https://github.com/nneonneo/2048-ai/issues"
| #define PACKAGE_URL "https://github.com/nneonneo/2048-ai"
| #define HAVE_CXX11 1
| #define STDC_HEADERS 1
| #define HAVE_SYS_TYPES_H 1
| #define HAVE_SYS_STAT_H 1
| #define HAVE_STDLIB_H 1
| #define HAVE_STRING_H 1
| #define HAVE_MEMORY_H 1
| #define HAVE_STRINGS_H 1
| #define HAVE_INTTYPES_H 1
| #define HAVE_STDINT_H 1
| #define HAVE_UNISTD_H 1
| #define HAVE_FCNTL_H 1
| #define HAVE_STDINT_H 1
| #define HAVE_STDLIB_H 1
| #define HAVE_STRING_H 1
| #define HAVE_SYS_TIME_H 1
| #define HAVE_UNISTD_H 1
| #define HAVE_UNORDERED_MAP 1
| #define HAVE_TR1_UNORDERED_MAP 1
| #define HAVE_GETTIMEOFDAY 1
| #define HAVE_STRCHR 1
| /* end confdefs.h.  */
| /* Define drand48 to an innocuous variant, in case <limits.h> declares drand48.
|    For example, HP-UX 11i <limits.h> declares gettimeofday.  */
| #define drand48 innocuous_drand48
| 
| /* System header to define __stub macros and hopefully few prototypes,
|     which can conflict with char drand48 (); below.
|     Prefer <limits.h> to <assert.h> if __STDC__ is defined, since
|     <limits.h> exists even on freestanding compilers.  */
| 
| #ifdef __STDC__
| # include <limits.h>
| #else
| # include <assert.h>
| #endif
| 
| #undef drand48
| 
| /* Override any GCC internal prototype to avoid an error.
|    Use char because int might match the return type of a GCC
|    builtin and then its argument prototype would still apply.  */
| #ifdef __cplusplus
| extern "C"
| #endif
| char drand48 ();
| /* The GNU C library defines this for functions which it implements
|     to always fail with ENOSYS.  Some functions are actually named
|     something starting with __ and the normal name is an alias.  */
| #if defined __stub_drand48 || defined __stub___drand48
| choke me
| #endif
| 
| int
| main ()
| {
| return drand48 ();
|   ;
|   return 0;
| }
configure:4969: result: no
configure:5095: creating ./config.status

## ---------------------- ##
## Running config.status. ##
## ---------------------- ##

This file was extended by 2048 AI config.status 1.0, which was
generated by GNU Autoconf 2.69.  Invocation command line was

  CONFIG_FILES    = 
  CONFIG_HEADERS  = 
  CONFIG_LINKS    = 
  CONFIG_COMMANDS = 
  $ ./config.status 

on DESKTOP-GLIG1D9

config.status:816: creating Makefile
config.status:816: creating config.h

## ---------------- ##
## Cache variables. ##
## ---------------- ##

ac_cv_c_compiler_gnu=yes
ac_cv_c_inline=inline
ac_cv_c_uint16_t=yes
ac_cv_c_uint64_t=yes
ac_cv_cxx_compiler_gnu=yes
ac_cv_env_CCC_set=
ac_cv_env_CCC_value=
ac_cv_env_CC_set=
ac_cv_env_CC_value=
ac_cv_env_CFLAGS_set=
ac_cv_env_CFLAGS_value=
ac_cv_env_CPPFLAGS_set=
ac_cv_env_CPPFLAGS_value=
ac_cv_env_CPP_set=
ac_cv_env_CPP_value=
ac_cv_env_CXXCPP_set=
ac_cv_env_CXXCPP_value=
ac_cv_env_CXXFLAGS_set=
ac_cv_env_CXXFLAGS_value=
ac_cv_env_CXX_set=
ac_cv_env_CXX_value=
ac_cv_env_LDFLAGS_set=
ac_cv_env_LDFLAGS_value=
ac_cv_env_LIBS_set=
ac_cv_env_LIBS_value=
ac_cv_env_build_alias_set=
ac_cv_env_build_alias_value=
ac_cv_env_host_alias_set=
ac_cv_env_host_alias_value=
ac_cv_env_target_alias_set=
ac_cv_env_target_alias_value=
ac_cv_exeext=.exe
ac_cv_func_arc4random_uniform=no
ac_cv_func_drand48=no
ac_cv_func_gettimeofday=yes
ac_cv_func_strchr=yes
ac_cv_header_fcntl_h=yes
ac_cv_header_inttypes_h=yes
ac_cv_header_memory_h=yes
ac_cv_header_stdc=yes
ac_cv_header_stdint_h=yes
ac_cv_header_stdlib_h=yes
ac_cv_header_string_h=yes
ac_cv_header_strings_h=yes
ac_cv_header_sys_stat_h=yes
ac_cv_header_sys_time_h=yes
ac_cv_header_sys_types_h=yes
ac_cv_header_tr1_unordered_map=yes
ac_cv_header_unistd_h=yes
ac_cv_header_unordered_map=yes
ac_cv_objext=o
ac_cv_path_EGREP='/usr/bin/grep -E'
ac_cv_path_GREP=/usr/bin/grep
ac_cv_path_mkdir=/usr/bin/mkdir
ac_cv_prog_CPP='gcc -E'
ac_cv_prog_CXXCPP='g++ -E'
ac_cv_prog_ac_ct_CC=gcc
ac_cv_prog_ac_ct_CXX=g++
ac_cv_prog_cc_c89=
ac_cv_prog_cc_g=yes
ac_cv_prog_cxx_g=yes
ax_cv_cxx_compile_cxx11=yes

## ----------------- ##
## Output variables. ##
## ----------------- ##

CC='gcc'
CFLAGS='-g -O2'
CPP='gcc -E'
CPPFLAGS=''
CXX='g++'
CXXCPP='g++ -E'
CXXFLAGS='-g -O2'
DEFS='-DHAVE_CONFIG_H'
ECHO_C=''
ECHO_N='-n'
ECHO_T=''
EGREP='/usr/bin/grep -E'
EXEEXT='.exe'
GREP='/usr/bin/grep'
HAVE_CXX11='1'
LDFLAGS=''
LIBOBJS=''
LIBS=''
LTLIBOBJS=''
MKDIR_P='/usr/bin/mkdir -p'
OBJEXT='o'
PACKAGE_BUGREPORT='https://github.com/nneonneo/2048-ai/issues'
PACKAGE_NAME='2048 AI'
PACKAGE_STRING='2048 AI 1.0'
PACKAGE_TARNAME='2048-ai'
PACKAGE_URL='https://github.com/nneonneo/2048-ai'
PACKAGE_VERSION='1.0'
PATH_SEPARATOR=':'
SHELL='/bin/sh'
ac_ct_CC='gcc'
ac_ct_CXX='g++'
bindir='${exec_prefix}/bin'
build_alias=''
datadir='${datarootdir}'
datarootdir='${prefix}/share'
docdir='${datarootdir}/doc/${PACKAGE_TARNAME}'
dvidir='${docdir}'
exec_prefix='${prefix}'
host_alias=''
htmldir='${docdir}'
includedir='${prefix}/include'
infodir='${datarootdir}/info'
libdir='${exec_prefix}/lib'
libexecdir='${exec_prefix}/libexec'
localedir='${datarootdir}/locale'
localstatedir='${prefix}/var'
mandir='${datarootdir}/man'
oldincludedir='/usr/include'
pdfdir='${docdir}'
prefix='/usr/local'
program_transform_name='s,x,x,'
psdir='${docdir}'
sbindir='${exec_prefix}/sbin'
sharedstatedir='${prefix}/com'
sysconfdir='${prefix}/etc'
target_alias=''

## ----------- ##
## confdefs.h. ##
## ----------- ##

/* confdefs.h */
#define PACKAGE_NAME "2048 AI"
#define PACKAGE_TARNAME "2048-ai"
#define PACKAGE_VERSION "1.0"
#define PACKAGE_STRING "2048 AI 1.0"
#define PACKAGE_BUGREPORT "https://github.com/nneonneo/2048-ai/issues"
#define PACKAGE_URL "https://github.com/nneonneo/2048-ai"
#define HAVE_CXX11 1
#define STDC_HEADERS 1
#define HAVE_SYS_TYPES_H 1
#define HAVE_SYS_STAT_H 1
#define HAVE_STDLIB_H 1
#define HAVE_STRING_H 1
#define HAVE_MEMORY_H 1
#define HAVE_STRINGS_H 1
#define HAVE_INTTYPES_H 1
#define HAVE_STDINT_H 1
#define HAVE_UNISTD_H 1
#define HAVE_FCNTL_H 1
#define HAVE_STDINT_H 1
#define HAVE_STDLIB_H 1
#define HAVE_STRING_H 1
#define HAVE_SYS_TIME_H 1
#define HAVE_UNISTD_H 1
#define HAVE_UNORDERED_MAP 1
#define HAVE_TR1_UNORDERED_MAP 1
#define HAVE_GETTIMEOFDAY 1
#define HAVE_STRCHR 1

configure: exit 0
